Arguments: 
  /usr/local/Cellar/node/16.6.0/bin/node /usr/local/Cellar/yarn/1.22.10/libexec/bin/yarn.js

PATH: 
  /usr/local/bin:/usr/bin:/bin:/usr/sbin:/sbin

Yarn version: 
  1.22.10

Node version: 
  16.6.0

Platform: 
  darwin x64

Trace: 
  Error: https://nexus.rouchi.com/repository/npm-group/@babel%2fcore: ETIMEDOUT
      at Timeout._onTimeout (/usr/local/Cellar/yarn/1.22.10/libexec/lib/cli.js:141409:19)
      at listOnTimeout (node:internal/timers:557:17)
      at processTimers (node:internal/timers:500:7)

npm manifest: 
  {
    "name": "tiny-react",
    "version": "1.0.0",
    "description": "",
    "main": "index.js",
    "scripts": {
      "start": "webpack-dev-server"
    },
    "keywords": [],
    "author": "",
    "license": "ISC",
    "devDependencies": {
      "@babel/core": "^7.11.4",
      "@babel/preset-env": "^7.11.0",
      "@babel/preset-react": "^7.10.4",
      "babel-loader": "^8.1.0",
      "clean-webpack-plugin": "^3.0.0",
      "html-webpack-plugin": "^4.3.0",
      "webpack": "^4.44.1",
      "webpack-cli": "^3.3.12",
      "webpack-dev-server": "^3.11.0"
    },
    "dependencies": {}
  }

yarn manifest: 
  No manifest

Lockfile: 
  No lockfile
